
The following files have been resolved:
   com.fasterxml.jackson.core:jackson-annotations:jar:2.8.0:compile
   org.springframework:spring-web:jar:4.3.9.RELEASE:compile
   log4j:log4j:jar:1.2.17:compile
   org.springframework:spring-orm:jar:4.3.9.RELEASE:compile
   org.javassist:javassist:jar:3.20.0-GA:compile
   aopalliance:aopalliance:jar:1.0:compile
   org.thymeleaf:thymeleaf:jar:3.0.7.RELEASE:compile
   org.bouncycastle:bcprov-jdk14:jar:1.38:compile
   org.unbescape:unbescape:jar:1.1.5.RELEASE:compile
   org.hibernate.common:hibernate-commons-annotations:jar:5.0.1.Final:compile
   org.springframework:spring-context:jar:4.3.9.RELEASE:compile
   org.springframework.security:spring-security-taglibs:jar:4.2.3.RELEASE:compile
   org.slf4j:slf4j-log4j12:jar:1.7.13:compile
   antlr:antlr:jar:2.7.7:compile
   commons-pool:commons-pool:jar:1.5.4:compile
   org.attoparser:attoparser:jar:2.0.4.RELEASE:compile
   org.springframework:spring-expression:jar:4.3.9.RELEASE:compile
   com.lowagie:itext:jar:2.1.7:compile
   org.springframework:spring-webmvc:jar:4.3.9.RELEASE:compile
   commons-dbcp:commons-dbcp:jar:1.4:compile
   org.slf4j:slf4j-api:jar:1.7.13:compile
   commons-logging:commons-logging:jar:1.2:compile
   org.springframework.security:spring-security-acl:jar:4.2.3.RELEASE:compile
   org.postgresql:postgresql:jar:9.4.1212:compile
   javax.validation:validation-api:jar:1.1.0.Final:compile
   dom4j:dom4j:jar:1.6.1:compile
   org.springframework:spring-aop:jar:4.3.9.RELEASE:compile
   com.fasterxml.jackson.core:jackson-core:jar:2.8.10:compile
   org.apache.poi:poi:jar:3.17:compile
   org.bouncycastle:bcmail-jdk14:jar:1.38:compile
   org.hibernate:hibernate-core:jar:5.2.10.Final:compile
   org.jboss:jandex:jar:2.0.3.Final:compile
   net.bytebuddy:byte-buddy:jar:1.6.6:compile
   org.thymeleaf.extras:thymeleaf-extras-springsecurity4:jar:3.0.2.RELEASE:compile
   org.hibernate:hibernate-validator:jar:5.4.1.Final:compile
   org.springframework.security:spring-security-core:jar:4.2.3.RELEASE:compile
   org.hibernate.javax.persistence:hibernate-jpa-2.1-api:jar:1.0.0.Final:compile
   org.bouncycastle:bctsp-jdk14:jar:1.38:compile
   org.apache.commons:commons-collections4:jar:4.1:compile
   commons-codec:commons-codec:jar:1.10:compile
   ognl:ognl:jar:3.1.12:compile
   org.jboss.spec.javax.transaction:jboss-transaction-api_1.2_spec:jar:1.0.1.Final:compile
   joda-time:joda-time:jar:2.9.9:compile
   org.springframework:spring-beans:jar:4.3.9.RELEASE:compile
   bouncycastle:bcprov-jdk14:jar:138:compile
   org.springframework.security:spring-security-config:jar:4.2.3.RELEASE:compile
   org.springframework.security:spring-security-web:jar:4.2.3.RELEASE:compile
   org.hibernate:hibernate-java8:jar:5.2.10.Final:compile
   org.springframework:spring-tx:jar:4.3.9.RELEASE:compile
   org.springframework:spring-jdbc:jar:4.3.9.RELEASE:compile
   com.fasterxml:classmate:jar:1.3.0:compile
   org.thymeleaf:thymeleaf-spring4:jar:3.0.7.RELEASE:compile
   org.springframework:spring-core:jar:4.3.9.RELEASE:compile
   org.hibernate:hibernate-entitymanager:jar:5.2.10.Final:compile
   bouncycastle:bcmail-jdk14:jar:138:compile
   org.jboss.logging:jboss-logging:jar:3.3.0.Final:compile
   com.fasterxml.jackson.core:jackson-databind:jar:2.8.10:compile

